# JRE version: OpenJDK Runtime Environment Temurin-17.0.5+8 (17.0.5+8) (build 17.0.5+8)
# Java VM: OpenJDK 64-Bit Server VM Temurin-17.0.5+8 (17.0.5+8, mixed mode, emulated-client, tiered, compressed oops, compressed class ptrs, g1 gc, windows-amd64)
GC Precious Log:
 CPUs: 4 total, 4 available
 Memory: 8067M
 Large Page Support: Disabled
 NUMA Support: Disabled
 Compressed Oops: Enabled (32-bit)
 Heap Region Size: 1M
 Heap Min Capacity: 8M
 Heap Initial Capacity: 128M
 Heap Max Capacity: 2018M
 Pre-touch: Disabled
 Parallel Workers: 4
 Concurrent Workers: 1
 Concurrent Refinement Workers: 4
 Periodic GC: Disabled
Heap:
 garbage-first heap   total 134144K, used 71942K [0x0000000081e00000, 0x0000000100000000)
  region size 1024K, 3 young (3072K), 3 survivors (3072K)
 Metaspace       used 38881K, committed 39232K, reserved 1089536K
  class space    used 4917K, committed 5056K, reserved 1048576K
GC Heap History (20 events):
Event: 5.148 GC heap after
{Heap after GC invocations=9 (full 0):
 garbage-first heap   total 75776K, used 17169K [0x0000000081e00000, 0x0000000100000000)
  region size 1024K, 2 young (2048K), 2 survivors (2048K)
 Metaspace       used 32677K, committed 32960K, reserved 1081344K
  class space    used 4156K, committed 4288K, reserved 1048576K
}
Event: 5.659 GC heap before
{Heap before GC invocations=9 (full 0):
 garbage-first heap   total 75776K, used 51985K [0x0000000081e00000, 0x0000000100000000)
  region size 1024K, 37 young (37888K), 2 survivors (2048K)
 Metaspace       used 35182K, committed 35456K, reserved 1081344K
  class space    used 4544K, committed 4672K, reserved 1048576K
}
Event: 5.666 GC heap after
{Heap after GC invocations=10 (full 0):
 garbage-first heap   total 75776K, used 23642K [0x0000000081e00000, 0x0000000100000000)
  region size 1024K, 5 young (5120K), 5 survivors (5120K)
 Metaspace       used 35182K, committed 35456K, reserved 1081344K
  class space    used 4544K, committed 4672K, reserved 1048576K
}
Event: 5.834 GC heap before
{Heap before GC invocations=10 (full 0):
 garbage-first heap   total 75776K, used 51290K [0x0000000081e00000, 0x0000000100000000)
  region size 1024K, 33 young (33792K), 5 survivors (5120K)
 Metaspace       used 35525K, committed 35840K, reserved 1081344K
  class space    used 4599K, committed 4736K, reserved 1048576K
}
Event: 5.841 GC heap after
{Heap after GC invocations=11 (full 0):
 garbage-first heap   total 75776K, used 28485K [0x0000000081e00000, 0x0000000100000000)
  region size 1024K, 5 young (5120K), 5 survivors (5120K)
 Metaspace       used 35525K, committed 35840K, reserved 1081344K
  class space    used 4599K, committed 4736K, reserved 1048576K
}
Event: 5.903 GC heap before
{Heap before GC invocations=11 (full 0):
 garbage-first heap   total 75776K, used 54085K [0x0000000081e00000, 0x0000000100000000)
  region size 1024K, 30 young (30720K), 5 survivors (5120K)
 Metaspace       used 35939K, committed 36288K, reserved 1081344K
  class space    used 4623K, committed 4736K, reserved 1048576K
}
Event: 5.910 GC heap after
{Heap after GC invocations=12 (full 0):
 garbage-first heap   total 75776K, used 32755K [0x0000000081e00000, 0x0000000100000000)
  region size 1024K, 4 young (4096K), 4 survivors (4096K)
 Metaspace       used 35939K, committed 36288K, reserved 1081344K
  class space    used 4623K, committed 4736K, reserved 1048576K
}
Event: 5.920 GC heap before
{Heap before GC invocations=12 (full 0):
 garbage-first heap   total 75776K, used 35827K [0x0000000081e00000, 0x0000000100000000)
  region size 1024K, 8 young (8192K), 4 survivors (4096K)
 Metaspace       used 36001K, committed 36288K, reserved 1081344K
  class space    used 4624K, committed 4736K, reserved 1048576K
}
Event: 5.924 GC heap after
{Heap after GC invocations=13 (full 0):
 garbage-first heap   total 75776K, used 34269K [0x0000000081e00000, 0x0000000100000000)
  region size 1024K, 1 young (1024K), 1 survivors (1024K)
 Metaspace       used 36001K, committed 36288K, reserved 1081344K
  class space    used 4624K, committed 4736K, reserved 1048576K
}
Event: 5.997 GC heap before
{Heap before GC invocations=13 (full 0):
 garbage-first heap   total 89088K, used 55773K [0x0000000081e00000, 0x0000000100000000)
  region size 1024K, 23 young (23552K), 1 survivors (1024K)
 Metaspace       used 36351K, committed 36672K, reserved 1081344K
  class space    used 4661K, committed 4800K, reserved 1048576K
}
Event: 6.003 GC heap after
{Heap after GC invocations=14 (full 0):
 garbage-first heap   total 134144K, used 37696K [0x0000000081e00000, 0x0000000100000000)
  region size 1024K, 3 young (3072K), 3 survivors (3072K)
 Metaspace       used 36351K, committed 36672K, reserved 1081344K
  class space    used 4661K, committed 4800K, reserved 1048576K
}
Event: 6.478 GC heap before
{Heap before GC invocations=15 (full 0):
 garbage-first heap   total 134144K, used 95040K [0x0000000081e00000, 0x0000000100000000)
  region size 1024K, 59 young (60416K), 3 survivors (3072K)
 Metaspace       used 38326K, committed 38656K, reserved 1089536K
  class space    used 4826K, committed 4992K, reserved 1048576K
}
Event: 6.496 GC heap after
{Heap after GC invocations=16 (full 0):
 garbage-first heap   total 134144K, used 52668K [0x0000000081e00000, 0x0000000100000000)
  region size 1024K, 8 young (8192K), 8 survivors (8192K)
 Metaspace       used 38326K, committed 38656K, reserved 1089536K
  class space    used 4826K, committed 4992K, reserved 1048576K
}
Event: 6.970 GC heap before
{Heap before GC invocations=16 (full 0):
 garbage-first heap   total 134144K, used 92604K [0x0000000081e00000, 0x0000000100000000)
  region size 1024K, 47 young (48128K), 8 survivors (8192K)
 Metaspace       used 38746K, committed 39104K, reserved 1089536K
  class space    used 4896K, committed 5056K, reserved 1048576K
}
Event: 6.996 GC heap after
{Heap after GC invocations=17 (full 0):
 garbage-first heap   total 134144K, used 66494K [0x0000000081e00000, 0x0000000100000000)
  region size 1024K, 6 young (6144K), 6 survivors (6144K)
 Metaspace       used 38746K, committed 39104K, reserved 1089536K
  class space    used 4896K, committed 5056K, reserved 1048576K
}
Event: 7.068 GC heap before
{Heap before GC invocations=17 (full 0):
 garbage-first heap   total 134144K, used 98238K [0x0000000081e00000, 0x0000000100000000)
  region size 1024K, 38 young (38912K), 6 survivors (6144K)
 Metaspace       used 38801K, committed 39168K, reserved 1089536K
  class space    used 4911K, committed 5056K, reserved 1048576K
}
Event: 7.073 GC heap after
{Heap after GC invocations=18 (full 0):
 garbage-first heap   total 134144K, used 69553K [0x0000000081e00000, 0x0000000100000000)
  region size 1024K, 2 young (2048K), 2 survivors (2048K)
 Metaspace       used 38801K, committed 39168K, reserved 1089536K
  class space    used 4911K, committed 5056K, reserved 1048576K
}
Event: 7.192 GC heap before
{Heap before GC invocations=18 (full 0):
 garbage-first heap   total 134144K, used 101297K [0x0000000081e00000, 0x0000000100000000)
  region size 1024K, 34 young (34816K), 2 survivors (2048K)
 Metaspace       used 38881K, committed 39232K, reserved 1089536K
  class space    used 4917K, committed 5056K, reserved 1048576K
}
Event: 7.194 GC heap after
{Heap after GC invocations=19 (full 0):
 garbage-first heap   total 134144K, used 70425K [0x0000000081e00000, 0x0000000100000000)
  region size 1024K, 3 young (3072K), 3 survivors (3072K)
 Metaspace       used 38881K, committed 39232K, reserved 1089536K
  class space    used 4917K, committed 5056K, reserved 1048576K
}
Event: 7.273 GC heap before
{Heap before GC invocations=19 (full 0):
 garbage-first heap   total 134144K, used 103193K [0x0000000081e00000, 0x0000000100000000)
  region size 1024K, 36 young (36864K), 3 survivors (3072K)
 Metaspace       used 38881K, committed 39232K, reserved 1089536K
  class space    used 4917K, committed 5056K, reserved 1048576K
}

