# JRE version: OpenJDK Runtime Environment Temurin-17.0.5+8 (17.0.5+8) (build 17.0.5+8)
# Java VM: OpenJDK 64-Bit Server VM Temurin-17.0.5+8 (17.0.5+8, mixed mode, emulated-client, tiered, compressed oops, compressed class ptrs, g1 gc, windows-amd64)
GC Precious Log:
 CPUs: 4 total, 4 available
 Memory: 8067M
 Large Page Support: Disabled
 NUMA Support: Disabled
 Compressed Oops: Enabled (32-bit)
 Heap Region Size: 1M
 Heap Min Capacity: 8M
 Heap Initial Capacity: 128M
 Heap Max Capacity: 2018M
 Pre-touch: Disabled
 Parallel Workers: 4
 Concurrent Workers: 1
 Concurrent Refinement Workers: 4
 Periodic GC: Disabled
Heap:
 garbage-first heap   total 131072K, used 64070K [0x0000000081e00000, 0x0000000100000000)
  region size 1024K, 3 young (3072K), 3 survivors (3072K)
 Metaspace       used 38673K, committed 39040K, reserved 1089536K
  class space    used 4893K, committed 5056K, reserved 1048576K
GC Heap History (20 events):
Event: 3.103 GC heap after
{Heap after GC invocations=8 (full 0):
 garbage-first heap   total 61440K, used 17940K [0x0000000081e00000, 0x0000000100000000)
  region size 1024K, 4 young (4096K), 4 survivors (4096K)
 Metaspace       used 34103K, committed 34432K, reserved 1081344K
  class space    used 4368K, committed 4544K, reserved 1048576K
}
Event: 3.291 GC heap before
{Heap before GC invocations=8 (full 0):
 garbage-first heap   total 61440K, used 42516K [0x0000000081e00000, 0x0000000100000000)
  region size 1024K, 29 young (29696K), 4 survivors (4096K)
 Metaspace       used 35453K, committed 35776K, reserved 1081344K
  class space    used 4588K, committed 4736K, reserved 1048576K
}
Event: 3.300 GC heap after
{Heap after GC invocations=9 (full 0):
 garbage-first heap   total 61440K, used 23479K [0x0000000081e00000, 0x0000000100000000)
  region size 1024K, 4 young (4096K), 4 survivors (4096K)
 Metaspace       used 35453K, committed 35776K, reserved 1081344K
  class space    used 4588K, committed 4736K, reserved 1048576K
}
Event: 3.423 GC heap before
{Heap before GC invocations=9 (full 0):
 garbage-first heap   total 61440K, used 42935K [0x0000000081e00000, 0x0000000100000000)
  region size 1024K, 24 young (24576K), 4 survivors (4096K)
 Metaspace       used 35894K, committed 36160K, reserved 1081344K
  class space    used 4606K, committed 4736K, reserved 1048576K
}
Event: 3.430 GC heap after
{Heap after GC invocations=10 (full 0):
 garbage-first heap   total 61440K, used 27411K [0x0000000081e00000, 0x0000000100000000)
  region size 1024K, 3 young (3072K), 3 survivors (3072K)
 Metaspace       used 35894K, committed 36160K, reserved 1081344K
  class space    used 4606K, committed 4736K, reserved 1048576K
}
Event: 3.459 GC heap before
{Heap before GC invocations=10 (full 0):
 garbage-first heap   total 61440K, used 30483K [0x0000000081e00000, 0x0000000100000000)
  region size 1024K, 8 young (8192K), 3 survivors (3072K)
 Metaspace       used 35914K, committed 36160K, reserved 1081344K
  class space    used 4610K, committed 4736K, reserved 1048576K
}
Event: 3.462 GC heap after
{Heap after GC invocations=11 (full 0):
 garbage-first heap   total 77824K, used 28733K [0x0000000081e00000, 0x0000000100000000)
  region size 1024K, 2 young (2048K), 2 survivors (2048K)
 Metaspace       used 35914K, committed 36160K, reserved 1081344K
  class space    used 4610K, committed 4736K, reserved 1048576K
}
Event: 3.612 GC heap before
{Heap before GC invocations=12 (full 0):
 garbage-first heap   total 77824K, used 53309K [0x0000000081e00000, 0x0000000100000000)
  region size 1024K, 27 young (27648K), 2 survivors (2048K)
 Metaspace       used 36865K, committed 37248K, reserved 1081344K
  class space    used 4709K, committed 4864K, reserved 1048576K
}
Event: 3.618 GC heap after
{Heap after GC invocations=13 (full 0):
 garbage-first heap   total 77824K, used 32429K [0x0000000081e00000, 0x0000000100000000)
  region size 1024K, 4 young (4096K), 4 survivors (4096K)
 Metaspace       used 36865K, committed 37248K, reserved 1081344K
  class space    used 4709K, committed 4864K, reserved 1048576K
}
Event: 3.683 GC heap before
{Heap before GC invocations=13 (full 0):
 garbage-first heap   total 89088K, used 55981K [0x0000000081e00000, 0x0000000100000000)
  region size 1024K, 28 young (28672K), 4 survivors (4096K)
 Metaspace       used 37493K, committed 37824K, reserved 1089536K
  class space    used 4735K, committed 4864K, reserved 1048576K
}
Event: 3.690 GC heap after
{Heap after GC invocations=14 (full 0):
 garbage-first heap   total 89088K, used 36531K [0x0000000081e00000, 0x0000000100000000)
  region size 1024K, 4 young (4096K), 4 survivors (4096K)
 Metaspace       used 37493K, committed 37824K, reserved 1089536K
  class space    used 4735K, committed 4864K, reserved 1048576K
}
Event: 3.742 GC heap before
{Heap before GC invocations=15 (full 0):
 garbage-first heap   total 89088K, used 64179K [0x0000000081e00000, 0x0000000100000000)
  region size 1024K, 32 young (32768K), 4 survivors (4096K)
 Metaspace       used 37645K, committed 37952K, reserved 1089536K
  class space    used 4749K, committed 4864K, reserved 1048576K
}
Event: 3.750 GC heap after
{Heap after GC invocations=16 (full 0):
 garbage-first heap   total 89088K, used 44166K [0x0000000081e00000, 0x0000000100000000)
  region size 1024K, 4 young (4096K), 4 survivors (4096K)
 Metaspace       used 37645K, committed 37952K, reserved 1089536K
  class space    used 4749K, committed 4864K, reserved 1048576K
}
Event: 3.851 GC heap before
{Heap before GC invocations=16 (full 0):
 garbage-first heap   total 89088K, used 64646K [0x0000000081e00000, 0x0000000100000000)
  region size 1024K, 25 young (25600K), 4 survivors (4096K)
 Metaspace       used 38286K, committed 38656K, reserved 1089536K
  class space    used 4817K, committed 4992K, reserved 1048576K
}
Event: 3.862 GC heap after
{Heap after GC invocations=17 (full 0):
 garbage-first heap   total 89088K, used 51573K [0x0000000081e00000, 0x0000000100000000)
  region size 1024K, 4 young (4096K), 4 survivors (4096K)
 Metaspace       used 38286K, committed 38656K, reserved 1089536K
  class space    used 4817K, committed 4992K, reserved 1048576K
}
Event: 4.026 GC heap before
{Heap before GC invocations=18 (full 0):
 garbage-first heap   total 102400K, used 65909K [0x0000000081e00000, 0x0000000100000000)
  region size 1024K, 19 young (19456K), 4 survivors (4096K)
 Metaspace       used 38622K, committed 39040K, reserved 1089536K
  class space    used 4879K, committed 5056K, reserved 1048576K
}
Event: 4.034 GC heap after
{Heap after GC invocations=19 (full 0):
 garbage-first heap   total 102400K, used 54132K [0x0000000081e00000, 0x0000000100000000)
  region size 1024K, 3 young (3072K), 3 survivors (3072K)
 Metaspace       used 38622K, committed 39040K, reserved 1089536K
  class space    used 4879K, committed 5056K, reserved 1048576K
}
Event: 4.047 GC heap before
{Heap before GC invocations=19 (full 0):
 garbage-first heap   total 102400K, used 57204K [0x0000000081e00000, 0x0000000100000000)
  region size 1024K, 5 young (5120K), 3 survivors (3072K)
 Metaspace       used 38624K, committed 39040K, reserved 1089536K
  class space    used 4879K, committed 5056K, reserved 1048576K
}
Event: 4.052 GC heap after
{Heap after GC invocations=20 (full 0):
 garbage-first heap   total 102400K, used 56320K [0x0000000081e00000, 0x0000000100000000)
  region size 1024K, 1 young (1024K), 1 survivors (1024K)
 Metaspace       used 38624K, committed 39040K, reserved 1089536K
  class space    used 4879K, committed 5056K, reserved 1048576K
}
Event: 4.085 GC heap before
{Heap before GC invocations=20 (full 0):
 garbage-first heap   total 102400K, used 69632K [0x0000000081e00000, 0x0000000100000000)
  region size 1024K, 16 young (16384K), 1 survivors (1024K)
 Metaspace       used 38673K, committed 39040K, reserved 1089536K
  class space    used 4893K, committed 5056K, reserved 1048576K
}

