# JRE version: OpenJDK Runtime Environment Temurin-17.0.5+8 (17.0.5+8) (build 17.0.5+8)
# Java VM: OpenJDK 64-Bit Server VM Temurin-17.0.5+8 (17.0.5+8, mixed mode, emulated-client, tiered, compressed oops, compressed class ptrs, g1 gc, windows-amd64)
GC Precious Log:
 CPUs: 4 total, 4 available
 Memory: 8067M
 Large Page Support: Disabled
 NUMA Support: Disabled
 Compressed Oops: Enabled (32-bit)
 Heap Region Size: 1M
 Heap Min Capacity: 8M
 Heap Initial Capacity: 128M
 Heap Max Capacity: 2018M
 Pre-touch: Disabled
 Parallel Workers: 4
 Concurrent Workers: 1
 Concurrent Refinement Workers: 4
 Periodic GC: Disabled
Heap:
 garbage-first heap   total 131072K, used 60659K [0x0000000081e00000, 0x0000000100000000)
  region size 1024K, 1 young (1024K), 1 survivors (1024K)
 Metaspace       used 38673K, committed 39040K, reserved 1089536K
  class space    used 4893K, committed 5056K, reserved 1048576K
GC Heap History (20 events):
Event: 4.591 GC heap after
{Heap after GC invocations=9 (full 0):
 garbage-first heap   total 61440K, used 21412K [0x0000000081e00000, 0x0000000100000000)
  region size 1024K, 4 young (4096K), 4 survivors (4096K)
 Metaspace       used 35405K, committed 35712K, reserved 1081344K
  class space    used 4580K, committed 4736K, reserved 1048576K
}
Event: 4.700 GC heap before
{Heap before GC invocations=9 (full 0):
 garbage-first heap   total 61440K, used 42916K [0x0000000081e00000, 0x0000000100000000)
  region size 1024K, 26 young (26624K), 4 survivors (4096K)
 Metaspace       used 35774K, committed 36032K, reserved 1081344K
  class space    used 4603K, committed 4736K, reserved 1048576K
}
Event: 4.706 GC heap after
{Heap after GC invocations=10 (full 0):
 garbage-first heap   total 61440K, used 25859K [0x0000000081e00000, 0x0000000100000000)
  region size 1024K, 4 young (4096K), 4 survivors (4096K)
 Metaspace       used 35774K, committed 36032K, reserved 1081344K
  class space    used 4603K, committed 4736K, reserved 1048576K
}
Event: 4.730 GC heap before
{Heap before GC invocations=10 (full 0):
 garbage-first heap   total 61440K, used 28931K [0x0000000081e00000, 0x0000000100000000)
  region size 1024K, 8 young (8192K), 4 survivors (4096K)
 Metaspace       used 35915K, committed 36160K, reserved 1081344K
  class space    used 4610K, committed 4736K, reserved 1048576K
}
Event: 4.733 GC heap after
{Heap after GC invocations=11 (full 0):
 garbage-first heap   total 61440K, used 27345K [0x0000000081e00000, 0x0000000100000000)
  region size 1024K, 2 young (2048K), 2 survivors (2048K)
 Metaspace       used 35915K, committed 36160K, reserved 1081344K
  class space    used 4610K, committed 4736K, reserved 1048576K
}
Event: 4.877 GC heap before
{Heap before GC invocations=12 (full 0):
 garbage-first heap   total 63488K, used 43729K [0x0000000081e00000, 0x0000000100000000)
  region size 1024K, 19 young (19456K), 2 survivors (2048K)
 Metaspace       used 36644K, committed 36992K, reserved 1081344K
  class space    used 4696K, committed 4864K, reserved 1048576K
}
Event: 4.881 GC heap after
{Heap after GC invocations=13 (full 0):
 garbage-first heap   total 63488K, used 30165K [0x0000000081e00000, 0x0000000100000000)
  region size 1024K, 3 young (3072K), 3 survivors (3072K)
 Metaspace       used 36644K, committed 36992K, reserved 1081344K
  class space    used 4696K, committed 4864K, reserved 1048576K
}
Event: 4.991 GC heap before
{Heap before GC invocations=13 (full 0):
 garbage-first heap   total 63488K, used 45525K [0x0000000081e00000, 0x0000000100000000)
  region size 1024K, 19 young (19456K), 3 survivors (3072K)
 Metaspace       used 36813K, committed 37184K, reserved 1081344K
  class space    used 4707K, committed 4864K, reserved 1048576K
}
Event: 4.996 GC heap after
{Heap after GC invocations=14 (full 0):
 garbage-first heap   total 84992K, used 33074K [0x0000000081e00000, 0x0000000100000000)
  region size 1024K, 3 young (3072K), 3 survivors (3072K)
 Metaspace       used 36813K, committed 37184K, reserved 1081344K
  class space    used 4707K, committed 4864K, reserved 1048576K
}
Event: 5.116 GC heap before
{Heap before GC invocations=15 (full 0):
 garbage-first heap   total 84992K, used 60722K [0x0000000081e00000, 0x0000000100000000)
  region size 1024K, 30 young (30720K), 3 survivors (3072K)
 Metaspace       used 37609K, committed 37888K, reserved 1089536K
  class space    used 4741K, committed 4864K, reserved 1048576K
}
Event: 5.123 GC heap after
{Heap after GC invocations=16 (full 0):
 garbage-first heap   total 84992K, used 37717K [0x0000000081e00000, 0x0000000100000000)
  region size 1024K, 4 young (4096K), 4 survivors (4096K)
 Metaspace       used 37609K, committed 37888K, reserved 1089536K
  class space    used 4741K, committed 4864K, reserved 1048576K
}
Event: 5.126 GC heap before
{Heap before GC invocations=16 (full 0):
 garbage-first heap   total 84992K, used 37717K [0x0000000081e00000, 0x0000000100000000)
  region size 1024K, 5 young (5120K), 4 survivors (4096K)
 Metaspace       used 37609K, committed 37888K, reserved 1089536K
  class space    used 4741K, committed 4864K, reserved 1048576K
}
Event: 5.130 GC heap after
{Heap after GC invocations=17 (full 0):
 garbage-first heap   total 84992K, used 38884K [0x0000000081e00000, 0x0000000100000000)
  region size 1024K, 1 young (1024K), 1 survivors (1024K)
 Metaspace       used 37609K, committed 37888K, reserved 1089536K
  class space    used 4741K, committed 4864K, reserved 1048576K
}
Event: 5.188 GC heap before
{Heap before GC invocations=17 (full 0):
 garbage-first heap   total 84992K, used 63460K [0x0000000081e00000, 0x0000000100000000)
  region size 1024K, 25 young (25600K), 1 survivors (1024K)
 Metaspace       used 37645K, committed 37952K, reserved 1089536K
  class space    used 4749K, committed 4864K, reserved 1048576K
}
Event: 5.195 GC heap after
{Heap after GC invocations=18 (full 0):
 garbage-first heap   total 84992K, used 45523K [0x0000000081e00000, 0x0000000100000000)
  region size 1024K, 4 young (4096K), 4 survivors (4096K)
 Metaspace       used 37645K, committed 37952K, reserved 1089536K
  class space    used 4749K, committed 4864K, reserved 1048576K
}
Event: 5.285 GC heap before
{Heap before GC invocations=18 (full 0):
 garbage-first heap   total 107520K, used 63955K [0x0000000081e00000, 0x0000000100000000)
  region size 1024K, 22 young (22528K), 4 survivors (4096K)
 Metaspace       used 38002K, committed 38400K, reserved 1089536K
  class space    used 4783K, committed 4992K, reserved 1048576K
}
Event: 5.295 GC heap after
{Heap after GC invocations=19 (full 0):
 garbage-first heap   total 107520K, used 51624K [0x0000000081e00000, 0x0000000100000000)
  region size 1024K, 3 young (3072K), 3 survivors (3072K)
 Metaspace       used 38002K, committed 38400K, reserved 1089536K
  class space    used 4783K, committed 4992K, reserved 1048576K
}
Event: 5.677 GC heap before
{Heap before GC invocations=20 (full 0):
 garbage-first heap   total 107520K, used 78248K [0x0000000081e00000, 0x0000000100000000)
  region size 1024K, 29 young (29696K), 3 survivors (3072K)
 Metaspace       used 38673K, committed 39040K, reserved 1089536K
  class space    used 4893K, committed 5056K, reserved 1048576K
}
Event: 5.687 GC heap after
{Heap after GC invocations=21 (full 0):
 garbage-first heap   total 107520K, used 59943K [0x0000000081e00000, 0x0000000100000000)
  region size 1024K, 4 young (4096K), 4 survivors (4096K)
 Metaspace       used 38673K, committed 39040K, reserved 1089536K
  class space    used 4893K, committed 5056K, reserved 1048576K
}
Event: 5.690 GC heap before
{Heap before GC invocations=21 (full 0):
 garbage-first heap   total 107520K, used 59943K [0x0000000081e00000, 0x0000000100000000)
  region size 1024K, 5 young (5120K), 4 survivors (4096K)
 Metaspace       used 38673K, committed 39040K, reserved 1089536K
  class space    used 4893K, committed 5056K, reserved 1048576K
}

