# JRE version: OpenJDK Runtime Environment Temurin-17.0.5+8 (17.0.5+8) (build 17.0.5+8)
# Java VM: OpenJDK 64-Bit Server VM Temurin-17.0.5+8 (17.0.5+8, mixed mode, emulated-client, tiered, compressed oops, compressed class ptrs, g1 gc, windows-amd64)
GC Precious Log:
 CPUs: 4 total, 4 available
 Memory: 8067M
 Large Page Support: Disabled
 NUMA Support: Disabled
 Compressed Oops: Enabled (32-bit)
 Heap Region Size: 1M
 Heap Min Capacity: 8M
 Heap Initial Capacity: 128M
 Heap Max Capacity: 2018M
 Pre-touch: Disabled
 Parallel Workers: 4
 Concurrent Workers: 1
 Concurrent Refinement Workers: 4
 Periodic GC: Disabled
Heap:
 garbage-first heap   total 144384K, used 71965K [0x0000000081e00000, 0x0000000100000000)
  region size 1024K, 2 young (2048K), 2 survivors (2048K)
 Metaspace       used 38874K, committed 39232K, reserved 1089536K
  class space    used 4915K, committed 5056K, reserved 1048576K
GC Heap History (20 events):
Event: 3.581 GC heap after
{Heap after GC invocations=9 (full 0):
 garbage-first heap   total 58368K, used 19383K [0x0000000081e00000, 0x0000000100000000)
  region size 1024K, 2 young (2048K), 2 survivors (2048K)
 Metaspace       used 33989K, committed 34304K, reserved 1081344K
  class space    used 4344K, committed 4480K, reserved 1048576K
}
Event: 3.750 GC heap before
{Heap before GC invocations=9 (full 0):
 garbage-first heap   total 58368K, used 40887K [0x0000000081e00000, 0x0000000100000000)
  region size 1024K, 24 young (24576K), 2 survivors (2048K)
 Metaspace       used 35357K, committed 35648K, reserved 1081344K
  class space    used 4575K, committed 4736K, reserved 1048576K
}
Event: 3.756 GC heap after
{Heap after GC invocations=10 (full 0):
 garbage-first heap   total 58368K, used 23528K [0x0000000081e00000, 0x0000000100000000)
  region size 1024K, 3 young (3072K), 3 survivors (3072K)
 Metaspace       used 35357K, committed 35648K, reserved 1081344K
  class space    used 4575K, committed 4736K, reserved 1048576K
}
Event: 3.881 GC heap before
{Heap before GC invocations=10 (full 0):
 garbage-first heap   total 58368K, used 40936K [0x0000000081e00000, 0x0000000100000000)
  region size 1024K, 21 young (21504K), 3 survivors (3072K)
 Metaspace       used 35906K, committed 36160K, reserved 1081344K
  class space    used 4606K, committed 4736K, reserved 1048576K
}
Event: 3.885 GC heap after
{Heap after GC invocations=11 (full 0):
 garbage-first heap   total 58368K, used 26896K [0x0000000081e00000, 0x0000000100000000)
  region size 1024K, 3 young (3072K), 3 survivors (3072K)
 Metaspace       used 35906K, committed 36160K, reserved 1081344K
  class space    used 4606K, committed 4736K, reserved 1048576K
}
Event: 3.929 GC heap before
{Heap before GC invocations=11 (full 0):
 garbage-first heap   total 58368K, used 36112K [0x0000000081e00000, 0x0000000100000000)
  region size 1024K, 14 young (14336K), 3 survivors (3072K)
 Metaspace       used 35987K, committed 36288K, reserved 1081344K
  class space    used 4617K, committed 4800K, reserved 1048576K
}
Event: 3.932 GC heap after
{Heap after GC invocations=12 (full 0):
 garbage-first heap   total 58368K, used 29638K [0x0000000081e00000, 0x0000000100000000)
  region size 1024K, 3 young (3072K), 3 survivors (3072K)
 Metaspace       used 35987K, committed 36288K, reserved 1081344K
  class space    used 4617K, committed 4800K, reserved 1048576K
}
Event: 3.998 GC heap before
{Heap before GC invocations=13 (full 0):
 garbage-first heap   total 63488K, used 42950K [0x0000000081e00000, 0x0000000100000000)
  region size 1024K, 16 young (16384K), 3 survivors (3072K)
 Metaspace       used 36482K, committed 36800K, reserved 1081344K
  class space    used 4679K, committed 4800K, reserved 1048576K
}
Event: 4.001 GC heap after
{Heap after GC invocations=14 (full 0):
 garbage-first heap   total 63488K, used 31555K [0x0000000081e00000, 0x0000000100000000)
  region size 1024K, 2 young (2048K), 2 survivors (2048K)
 Metaspace       used 36482K, committed 36800K, reserved 1081344K
  class space    used 4679K, committed 4800K, reserved 1048576K
}
Event: 4.006 GC heap before
{Heap before GC invocations=14 (full 0):
 garbage-first heap   total 63488K, used 32579K [0x0000000081e00000, 0x0000000100000000)
  region size 1024K, 3 young (3072K), 2 survivors (2048K)
 Metaspace       used 36514K, committed 36800K, reserved 1081344K
  class space    used 4686K, committed 4800K, reserved 1048576K
}
Event: 4.009 GC heap after
{Heap after GC invocations=15 (full 0):
 garbage-first heap   total 144384K, used 31354K [0x0000000081e00000, 0x0000000100000000)
  region size 1024K, 1 young (1024K), 1 survivors (1024K)
 Metaspace       used 36514K, committed 36800K, reserved 1081344K
  class space    used 4686K, committed 4800K, reserved 1048576K
}
Event: 4.171 GC heap before
{Heap before GC invocations=15 (full 0):
 garbage-first heap   total 144384K, used 94842K [0x0000000081e00000, 0x0000000100000000)
  region size 1024K, 64 young (65536K), 1 survivors (1024K)
 Metaspace       used 37669K, committed 37952K, reserved 1089536K
  class space    used 4752K, committed 4864K, reserved 1048576K
}
Event: 4.182 GC heap after
{Heap after GC invocations=16 (full 0):
 garbage-first heap   total 144384K, used 41670K [0x0000000081e00000, 0x0000000100000000)
  region size 1024K, 8 young (8192K), 8 survivors (8192K)
 Metaspace       used 37669K, committed 37952K, reserved 1089536K
  class space    used 4752K, committed 4864K, reserved 1048576K
}
Event: 4.710 GC heap before
{Heap before GC invocations=17 (full 0):
 garbage-first heap   total 144384K, used 94918K [0x0000000081e00000, 0x0000000100000000)
  region size 1024K, 60 young (61440K), 8 survivors (8192K)
 Metaspace       used 38673K, committed 39040K, reserved 1089536K
  class space    used 4892K, committed 5056K, reserved 1048576K
}
Event: 4.734 GC heap after
{Heap after GC invocations=18 (full 0):
 garbage-first heap   total 144384K, used 60801K [0x0000000081e00000, 0x0000000100000000)
  region size 1024K, 8 young (8192K), 8 survivors (8192K)
 Metaspace       used 38673K, committed 39040K, reserved 1089536K
  class space    used 4892K, committed 5056K, reserved 1048576K
}
Event: 4.742 GC heap before
{Heap before GC invocations=18 (full 0):
 garbage-first heap   total 144384K, used 62849K [0x0000000081e00000, 0x0000000100000000)
  region size 1024K, 9 young (9216K), 8 survivors (8192K)
 Metaspace       used 38673K, committed 39040K, reserved 1089536K
  class space    used 4892K, committed 5056K, reserved 1048576K
}
Event: 4.753 GC heap after
{Heap after GC invocations=19 (full 0):
 garbage-first heap   total 144384K, used 64761K [0x0000000081e00000, 0x0000000100000000)
  region size 1024K, 2 young (2048K), 2 survivors (2048K)
 Metaspace       used 38673K, committed 39040K, reserved 1089536K
  class space    used 4892K, committed 5056K, reserved 1048576K
}
Event: 4.815 GC heap before
{Heap before GC invocations=19 (full 0):
 garbage-first heap   total 144384K, used 100601K [0x0000000081e00000, 0x0000000100000000)
  region size 1024K, 38 young (38912K), 2 survivors (2048K)
 Metaspace       used 38764K, committed 39104K, reserved 1089536K
  class space    used 4901K, committed 5056K, reserved 1048576K
}
Event: 4.830 GC heap after
{Heap after GC invocations=20 (full 0):
 garbage-first heap   total 144384K, used 70111K [0x0000000081e00000, 0x0000000100000000)
  region size 1024K, 5 young (5120K), 5 survivors (5120K)
 Metaspace       used 38764K, committed 39104K, reserved 1089536K
  class space    used 4901K, committed 5056K, reserved 1048576K
}
Event: 4.872 GC heap before
{Heap before GC invocations=20 (full 0):
 garbage-first heap   total 144384K, used 103903K [0x0000000081e00000, 0x0000000100000000)
  region size 1024K, 39 young (39936K), 5 survivors (5120K)
 Metaspace       used 38874K, committed 39232K, reserved 1089536K
  class space    used 4915K, committed 5056K, reserved 1048576K
}

