# JRE version: OpenJDK Runtime Environment Temurin-17.0.5+8 (17.0.5+8) (build 17.0.5+8)
# Java VM: OpenJDK 64-Bit Server VM Temurin-17.0.5+8 (17.0.5+8, mixed mode, emulated-client, tiered, compressed oops, compressed class ptrs, g1 gc, windows-amd64)
GC Precious Log:
 CPUs: 4 total, 4 available
 Memory: 8067M
 Large Page Support: Disabled
 NUMA Support: Disabled
 Compressed Oops: Enabled (32-bit)
 Heap Region Size: 1M
 Heap Min Capacity: 8M
 Heap Initial Capacity: 128M
 Heap Max Capacity: 2018M
 Pre-touch: Disabled
 Parallel Workers: 4
 Concurrent Workers: 1
 Concurrent Refinement Workers: 4
 Periodic GC: Disabled
Heap:
 garbage-first heap   total 92160K, used 26558K [0x0000000081e00000, 0x0000000100000000)
  region size 1024K, 1 young (1024K), 0 survivors (0K)
 Metaspace       used 46634K, committed 47104K, reserved 1097728K
  class space    used 6340K, committed 6528K, reserved 1048576K
GC Heap History (20 events):
Event: 1636.672 GC heap before
{Heap before GC invocations=184 (full 148):
 garbage-first heap   total 92160K, used 26558K [0x0000000081e00000, 0x0000000100000000)
  region size 1024K, 1 young (1024K), 0 survivors (0K)
 Metaspace       used 46634K, committed 47104K, reserved 1097728K
  class space    used 6340K, committed 6528K, reserved 1048576K
}
Event: 1636.706 GC heap after
{Heap after GC invocations=185 (full 149):
 garbage-first heap   total 92160K, used 26558K [0x0000000081e00000, 0x0000000100000000)
  region size 1024K, 0 young (0K), 0 survivors (0K)
 Metaspace       used 46634K, committed 47104K, reserved 1097728K
  class space    used 6340K, committed 6528K, reserved 1048576K
}
Event: 1646.999 GC heap before
{Heap before GC invocations=185 (full 149):
 garbage-first heap   total 92160K, used 26558K [0x0000000081e00000, 0x0000000100000000)
  region size 1024K, 1 young (1024K), 0 survivors (0K)
 Metaspace       used 46634K, committed 47104K, reserved 1097728K
  class space    used 6340K, committed 6528K, reserved 1048576K
}
Event: 1647.035 GC heap after
{Heap after GC invocations=186 (full 150):
 garbage-first heap   total 92160K, used 26558K [0x0000000081e00000, 0x0000000100000000)
  region size 1024K, 0 young (0K), 0 survivors (0K)
 Metaspace       used 46634K, committed 47104K, reserved 1097728K
  class space    used 6340K, committed 6528K, reserved 1048576K
}
Event: 1657.267 GC heap before
{Heap before GC invocations=186 (full 150):
 garbage-first heap   total 92160K, used 26558K [0x0000000081e00000, 0x0000000100000000)
  region size 1024K, 1 young (1024K), 0 survivors (0K)
 Metaspace       used 46634K, committed 47104K, reserved 1097728K
  class space    used 6340K, committed 6528K, reserved 1048576K
}
Event: 1657.305 GC heap after
{Heap after GC invocations=187 (full 151):
 garbage-first heap   total 92160K, used 26558K [0x0000000081e00000, 0x0000000100000000)
  region size 1024K, 0 young (0K), 0 survivors (0K)
 Metaspace       used 46634K, committed 47104K, reserved 1097728K
  class space    used 6340K, committed 6528K, reserved 1048576K
}
Event: 1667.579 GC heap before
{Heap before GC invocations=187 (full 151):
 garbage-first heap   total 92160K, used 26558K [0x0000000081e00000, 0x0000000100000000)
  region size 1024K, 1 young (1024K), 0 survivors (0K)
 Metaspace       used 46634K, committed 47104K, reserved 1097728K
  class space    used 6340K, committed 6528K, reserved 1048576K
}
Event: 1667.619 GC heap after
{Heap after GC invocations=188 (full 152):
 garbage-first heap   total 92160K, used 26558K [0x0000000081e00000, 0x0000000100000000)
  region size 1024K, 0 young (0K), 0 survivors (0K)
 Metaspace       used 46634K, committed 47104K, reserved 1097728K
  class space    used 6340K, committed 6528K, reserved 1048576K
}
Event: 1677.863 GC heap before
{Heap before GC invocations=188 (full 152):
 garbage-first heap   total 92160K, used 26558K [0x0000000081e00000, 0x0000000100000000)
  region size 1024K, 1 young (1024K), 0 survivors (0K)
 Metaspace       used 46634K, committed 47104K, reserved 1097728K
  class space    used 6340K, committed 6528K, reserved 1048576K
}
Event: 1677.895 GC heap after
{Heap after GC invocations=189 (full 153):
 garbage-first heap   total 92160K, used 26558K [0x0000000081e00000, 0x0000000100000000)
  region size 1024K, 0 young (0K), 0 survivors (0K)
 Metaspace       used 46634K, committed 47104K, reserved 1097728K
  class space    used 6340K, committed 6528K, reserved 1048576K
}
Event: 1688.122 GC heap before
{Heap before GC invocations=189 (full 153):
 garbage-first heap   total 92160K, used 26558K [0x0000000081e00000, 0x0000000100000000)
  region size 1024K, 1 young (1024K), 0 survivors (0K)
 Metaspace       used 46634K, committed 47104K, reserved 1097728K
  class space    used 6340K, committed 6528K, reserved 1048576K
}
Event: 1688.158 GC heap after
{Heap after GC invocations=190 (full 154):
 garbage-first heap   total 92160K, used 26558K [0x0000000081e00000, 0x0000000100000000)
  region size 1024K, 0 young (0K), 0 survivors (0K)
 Metaspace       used 46634K, committed 47104K, reserved 1097728K
  class space    used 6340K, committed 6528K, reserved 1048576K
}
Event: 1698.385 GC heap before
{Heap before GC invocations=190 (full 154):
 garbage-first heap   total 92160K, used 26558K [0x0000000081e00000, 0x0000000100000000)
  region size 1024K, 1 young (1024K), 0 survivors (0K)
 Metaspace       used 46634K, committed 47104K, reserved 1097728K
  class space    used 6340K, committed 6528K, reserved 1048576K
}
Event: 1698.419 GC heap after
{Heap after GC invocations=191 (full 155):
 garbage-first heap   total 92160K, used 26558K [0x0000000081e00000, 0x0000000100000000)
  region size 1024K, 0 young (0K), 0 survivors (0K)
 Metaspace       used 46634K, committed 47104K, reserved 1097728K
  class space    used 6340K, committed 6528K, reserved 1048576K
}
Event: 1708.651 GC heap before
{Heap before GC invocations=191 (full 155):
 garbage-first heap   total 92160K, used 26558K [0x0000000081e00000, 0x0000000100000000)
  region size 1024K, 1 young (1024K), 0 survivors (0K)
 Metaspace       used 46634K, committed 47104K, reserved 1097728K
  class space    used 6340K, committed 6528K, reserved 1048576K
}
Event: 1708.686 GC heap after
{Heap after GC invocations=192 (full 156):
 garbage-first heap   total 92160K, used 26558K [0x0000000081e00000, 0x0000000100000000)
  region size 1024K, 0 young (0K), 0 survivors (0K)
 Metaspace       used 46634K, committed 47104K, reserved 1097728K
  class space    used 6340K, committed 6528K, reserved 1048576K
}
Event: 1718.906 GC heap before
{Heap before GC invocations=192 (full 156):
 garbage-first heap   total 92160K, used 26558K [0x0000000081e00000, 0x0000000100000000)
  region size 1024K, 1 young (1024K), 0 survivors (0K)
 Metaspace       used 46634K, committed 47104K, reserved 1097728K
  class space    used 6340K, committed 6528K, reserved 1048576K
}
Event: 1718.946 GC heap after
{Heap after GC invocations=193 (full 157):
 garbage-first heap   total 92160K, used 26558K [0x0000000081e00000, 0x0000000100000000)
  region size 1024K, 0 young (0K), 0 survivors (0K)
 Metaspace       used 46634K, committed 47104K, reserved 1097728K
  class space    used 6340K, committed 6528K, reserved 1048576K
}
Event: 1729.586 GC heap before
{Heap before GC invocations=193 (full 157):
 garbage-first heap   total 92160K, used 26558K [0x0000000081e00000, 0x0000000100000000)
  region size 1024K, 1 young (1024K), 0 survivors (0K)
 Metaspace       used 46634K, committed 47104K, reserved 1097728K
  class space    used 6340K, committed 6528K, reserved 1048576K
}
Event: 1729.637 GC heap after
{Heap after GC invocations=194 (full 158):
 garbage-first heap   total 92160K, used 26558K [0x0000000081e00000, 0x0000000100000000)
  region size 1024K, 0 young (0K), 0 survivors (0K)
 Metaspace       used 46634K, committed 47104K, reserved 1097728K
  class space    used 6340K, committed 6528K, reserved 1048576K
}

